2022-10-27 15:54:48 INFO  BaseTest:36 - ====================打开了chrome浏览器=====================
2022-10-27 15:54:48 INFO  BaseTest:76 - ================最大化浏览器===================
2022-10-27 15:54:48 INFO  BaseTest:85 - ================访问网址：===================https://www.baidu.com
2022-10-27 15:54:48 INFO  BasePage:69 - 往元素【百度搜索框】输入数据【北京大学】
2022-10-27 15:54:48 INFO  BasePage:80 - 对元素【百度一下按钮】进行点击
2022-10-27 15:54:52 INFO  BaseTest:66 - ====================退出浏览器=====================
2022-10-27 15:54:53 INFO  BaseTest:36 - ====================打开了chrome浏览器=====================
2022-10-27 15:54:53 INFO  BaseTest:76 - ================最大化浏览器===================
2022-10-27 15:54:53 INFO  BaseTest:85 - ================访问网址：===================https://www.baidu.com
2022-10-27 15:54:54 INFO  BasePage:80 - 对元素【hao123链接】进行点击
2022-10-27 15:54:57 INFO  BaseTest:66 - ====================退出浏览器=====================
2022-10-27 15:54:59 INFO  BaseTest:36 - ====================打开了chrome浏览器=====================
2022-10-27 15:54:59 INFO  BaseTest:76 - ================最大化浏览器===================
2022-10-27 15:54:59 INFO  BaseTest:85 - ================访问网址：===================https://www.baidu.com
2022-10-27 15:54:59 INFO  BasePage:80 - 对元素【地图链接】进行点击
2022-10-27 15:55:03 INFO  BaseTest:66 - ====================退出浏览器=====================
2022-10-27 15:55:05 INFO  BaseTest:36 - ====================打开了chrome浏览器=====================
2022-10-27 15:55:05 INFO  BaseTest:76 - ================最大化浏览器===================
2022-10-27 15:55:05 INFO  BaseTest:85 - ================访问网址：===================https://www.baidu.com
2022-10-27 15:55:05 INFO  BasePage:80 - 对元素【新闻链接】进行点击
2022-10-27 15:55:08 INFO  BaseTest:66 - ====================退出浏览器=====================
2022-10-27 15:55:10 INFO  BaseTest:36 - ====================打开了chrome浏览器=====================
2022-10-27 15:55:10 INFO  BaseTest:76 - ================最大化浏览器===================
2022-10-27 15:55:10 INFO  BaseTest:85 - ================访问网址：===================https://www.baidu.com
2022-10-27 15:55:11 INFO  BasePage:80 - 对元素【网盘链接】进行点击
2022-10-27 15:55:14 INFO  BaseTest:66 - ====================退出浏览器=====================
2022-10-27 15:55:16 INFO  BaseTest:36 - ====================打开了chrome浏览器=====================
2022-10-27 15:55:16 INFO  BaseTest:76 - ================最大化浏览器===================
2022-10-27 15:55:16 INFO  BaseTest:85 - ================访问网址：===================https://www.baidu.com
2022-10-27 15:55:16 INFO  BasePage:80 - 对元素【图片链接】进行点击
2022-10-27 15:55:19 INFO  BaseTest:66 - ====================退出浏览器=====================
2022-10-27 15:55:21 INFO  BaseTest:36 - ====================打开了chrome浏览器=====================
2022-10-27 15:55:21 INFO  BaseTest:76 - ================最大化浏览器===================
2022-10-27 15:55:21 INFO  BaseTest:85 - ================访问网址：===================https://www.baidu.com
2022-10-27 15:55:22 INFO  BasePage:80 - 对元素【贴吧链接】进行点击
2022-10-27 15:55:25 INFO  BaseTest:66 - ====================退出浏览器=====================
2022-10-27 15:55:27 INFO  BaseTest:36 - ====================打开了chrome浏览器=====================
2022-10-27 15:55:27 INFO  BaseTest:76 - ================最大化浏览器===================
2022-10-27 15:55:27 INFO  BaseTest:85 - ================访问网址：===================https://www.baidu.com
2022-10-27 15:55:27 INFO  BasePage:80 - 对元素【视频链接】进行点击
2022-10-27 15:55:30 INFO  BaseTest:66 - ====================退出浏览器=====================
2022-10-27 15:55:33 INFO  BaseTest:36 - ====================打开了chrome浏览器=====================
2022-10-27 15:55:33 INFO  BaseTest:76 - ================最大化浏览器===================
2022-10-27 15:55:33 INFO  BaseTest:85 - ================访问网址：===================https://www.baidu.com
2022-10-27 15:55:34 INFO  BasePage:145 - 鼠标移动到元素【设置的Span标签】上了
2022-10-27 15:55:35 INFO  BasePage:80 - 对元素【高级搜索】进行点击
2022-10-27 15:55:37 INFO  BasePage:69 - 往元素【高级搜索-包含全部关键词输入框】输入数据【testng】
2022-10-27 15:55:38 INFO  BasePage:80 - 对元素【时间选择下拉框】进行点击
2022-10-27 15:55:38 INFO  BasePage:80 - 对元素【最近一年】进行点击
2022-10-27 15:55:40 INFO  BasePage:80 - 对元素【高级搜索确认按钮】进行点击
2022-10-27 15:55:43 INFO  BaseTest:66 - ====================退出浏览器=====================
2022-10-27 15:55:45 INFO  BaseTest:36 - ====================打开了chrome浏览器=====================
2022-10-27 15:55:45 INFO  BaseTest:76 - ================最大化浏览器===================
2022-10-27 15:55:45 INFO  BaseTest:85 - ================访问网址：===================https://www.baidu.com
2022-10-27 15:55:46 INFO  BasePage:145 - 鼠标移动到元素【设置的Span标签】上了
2022-10-27 15:55:47 INFO  BasePage:80 - 对元素【高级搜索】进行点击
2022-10-27 15:55:49 INFO  BasePage:69 - 往元素【高级搜索-包含全部关键词输入框】输入数据【绿里奇迹】
2022-10-27 15:55:50 INFO  BasePage:80 - 对元素【时间选择下拉框】进行点击
2022-10-27 15:55:50 INFO  BasePage:80 - 对元素【最近一天】进行点击
2022-10-27 15:55:52 INFO  BasePage:80 - 对元素【高级搜索确认按钮】进行点击
2022-10-27 15:55:55 INFO  BaseTest:66 - ====================退出浏览器=====================
2022-10-27 15:55:57 INFO  BaseTest:36 - ====================打开了chrome浏览器=====================
2022-10-27 15:55:57 INFO  BaseTest:76 - ================最大化浏览器===================
2022-10-27 15:55:57 INFO  BaseTest:85 - ================访问网址：===================https://www.baidu.com
2022-10-27 15:55:57 INFO  BasePage:145 - 鼠标移动到元素【设置的Span标签】上了
2022-10-27 15:55:59 INFO  BasePage:80 - 对元素【高级搜索】进行点击
2022-10-27 15:56:00 INFO  BasePage:69 - 往元素【高级搜索-包含全部关键词输入框】输入数据【小豆子】
2022-10-27 15:56:02 INFO  BasePage:80 - 对元素【时间选择下拉框】进行点击
2022-10-27 15:56:02 INFO  BasePage:80 - 对元素【最近一周】进行点击
2022-10-27 15:56:04 INFO  BasePage:80 - 对元素【高级搜索确认按钮】进行点击
2022-10-27 15:56:07 INFO  BaseTest:66 - ====================退出浏览器=====================
